2023-08-10 11:10:18,802 [Worker-4: Loading available Gradle versions] INFO  o.e.b.c.i.u.g.PublishedGradleVersions - Gradle version information cache is out-of-date. Trying to update.
2023-08-10 11:17:16,136 [Worker-0: Loading available Gradle versions] INFO  o.e.b.c.i.u.g.PublishedGradleVersions - Gradle version information cache is up-to-date. Trying to read.
2023-08-10 11:25:19,787 [Worker-0: Loading available Gradle versions] INFO  o.e.b.c.i.u.g.PublishedGradleVersions - Gradle version information cache is up-to-date. Trying to read.
2023-08-10 12:31:55,736 [Worker-0: Loading available Gradle versions] INFO  o.e.b.c.i.u.g.PublishedGradleVersions - Gradle version information cache is up-to-date. Trying to read.
2023-08-10 12:43:38,112 [Worker-0: Loading available Gradle versions] INFO  o.e.b.c.i.u.g.PublishedGradleVersions - Gradle version information cache is up-to-date. Trying to read.
2023-08-10 13:09:39,274 [Worker-0: Loading available Gradle versions] INFO  o.e.b.c.i.u.g.PublishedGradleVersions - Gradle version information cache is up-to-date. Trying to read.
2023-08-10 13:20:14,879 [Start Help Server] INFO  org.eclipse.jetty.server.Server - jetty-10.0.9; built: 2022-03-30T16:46:32.527Z; git: a9eaf8d5d73369acf610ce88f850c0d56c4b1113; jvm 17.0.3+7
2023-08-10 13:20:14,935 [Start Help Server] INFO  o.e.j.s.s.DefaultSessionIdManager - Session workerName=node0
2023-08-10 13:20:15,011 [Start Help Server] INFO  o.e.j.server.handler.ContextHandler - Started o.e.j.s.ServletContextHandler@4dafc742{/help,null,AVAILABLE}
2023-08-10 13:20:15,050 [Start Help Server] INFO  o.e.jetty.server.AbstractConnector - Started ServerConnector@6011c402{HTTP/1.1, (http/1.1)}{127.0.0.1:60804}
2023-08-10 13:20:15,096 [Start Help Server] INFO  org.eclipse.jetty.server.Server - Started Server@45fb5bbf{STARTING}[10.0.9,sto=0] @655442ms
2023-08-10 13:21:37,495 [Stop Help Server] INFO  org.eclipse.jetty.server.Server - Stopped Server@45fb5bbf{STOPPING}[10.0.9,sto=0]
2023-08-10 13:21:37,505 [Stop Help Server] INFO  o.e.jetty.server.AbstractConnector - Stopped ServerConnector@6011c402{HTTP/1.1, (http/1.1)}{127.0.0.1:0}
2023-08-10 13:21:37,564 [Stop Help Server] INFO  o.e.j.server.handler.ContextHandler - Stopped o.e.j.s.ServletContextHandler@4dafc742{/help,null,STOPPED}
2023-08-10 13:21:53,764 [Worker-0: Loading available Gradle versions] INFO  o.e.b.c.i.u.g.PublishedGradleVersions - Gradle version information cache is up-to-date. Trying to read.
2023-08-10 13:28:01,646 [Worker-0: Loading available Gradle versions] INFO  o.e.b.c.i.u.g.PublishedGradleVersions - Gradle version information cache is up-to-date. Trying to read.
2023-08-10 13:35:41,780 [Worker-0: Loading available Gradle versions] INFO  o.e.b.c.i.u.g.PublishedGradleVersions - Gradle version information cache is up-to-date. Trying to read.
2023-08-10 13:42:09,420 [Start Help Server] INFO  org.eclipse.jetty.server.Server - jetty-10.0.9; built: 2022-03-30T16:46:32.527Z; git: a9eaf8d5d73369acf610ce88f850c0d56c4b1113; jvm 17.0.3+7
2023-08-10 13:42:09,452 [Start Help Server] INFO  o.e.j.s.s.DefaultSessionIdManager - Session workerName=node0
2023-08-10 13:42:09,484 [Start Help Server] INFO  o.e.j.server.handler.ContextHandler - Started o.e.j.s.ServletContextHandler@a9c59ad{/help,null,AVAILABLE}
2023-08-10 13:42:09,505 [Start Help Server] INFO  o.e.jetty.server.AbstractConnector - Started ServerConnector@e6aaf71{HTTP/1.1, (http/1.1)}{127.0.0.1:61662}
2023-08-10 13:42:09,515 [Start Help Server] INFO  org.eclipse.jetty.server.Server - Started Server@1533e5bd{STARTING}[10.0.9,sto=0] @404082ms
2023-08-10 13:46:02,724 [Stop Help Server] INFO  org.eclipse.jetty.server.Server - Stopped Server@1533e5bd{STOPPING}[10.0.9,sto=0]
2023-08-10 13:46:02,734 [Stop Help Server] INFO  o.e.jetty.server.AbstractConnector - Stopped ServerConnector@e6aaf71{HTTP/1.1, (http/1.1)}{127.0.0.1:0}
2023-08-10 13:46:02,791 [Stop Help Server] INFO  o.e.j.server.handler.ContextHandler - Stopped o.e.j.s.ServletContextHandler@a9c59ad{/help,null,STOPPED}
2023-08-10 13:46:19,441 [Worker-0: Loading available Gradle versions] INFO  o.e.b.c.i.u.g.PublishedGradleVersions - Gradle version information cache is up-to-date. Trying to read.
2023-08-10 13:51:35,032 [Worker-0: Loading available Gradle versions] INFO  o.e.b.c.i.u.g.PublishedGradleVersions - Gradle version information cache is up-to-date. Trying to read.
2023-08-10 14:04:13,539 [Worker-0: Loading available Gradle versions] INFO  o.e.b.c.i.u.g.PublishedGradleVersions - Gradle version information cache is up-to-date. Trying to read.
